This is pdfTeX, Version 3.1415926-2.5-1.40.14 (TeX Live 2013/Debian) (format=pdflatex 2014.6.14)  24 AUG 2015 10:54
entering extended mode
 restricted \write18 enabled.
 %&-line parsing enabled.
**PhD_Dissertation_Template.tex
(./PhD_Dissertation_Template.tex
LaTeX2e <2011/06/27>
Babel <3.9h> and hyphenation patterns for 4 languages loaded.
(/usr/share/texlive/texmf-dist/tex/latex/snapshot/snapshot.sty
Package: snapshot 2002/03/05 v1.14
)
(./msuphddissertation.cls
Document Class: msuphddissertation 
(/usr/share/texlive/texmf-dist/tex/latex/base/book.cls
Document Class: book 2007/10/19 v1.4h Standard LaTeX document class
(/usr/share/texlive/texmf-dist/tex/latex/base/bk12.clo
File: bk12.clo 2007/10/19 v1.4h Standard LaTeX file (size option)
)
\c@part=\count79
\c@chapter=\count80
\c@section=\count81
\c@subsection=\count82
\c@subsubsection=\count83
\c@paragraph=\count84
\c@subparagraph=\count85
\c@figure=\count86
\c@table=\count87
\abovecaptionskip=\skip41
\belowcaptionskip=\skip42
\bibindent=\dimen102
)
(/usr/share/texlive/texmf-dist/tex/latex/base/ifthen.sty
Package: ifthen 2001/05/26 v1.1c Standard LaTeX ifthen package (DPC)
)
(/usr/share/texlive/texmf-dist/tex/latex/setspace/setspace.sty
Package: setspace 2011/12/19 v6.7a set line spacing
)
(/usr/share/texlive/texmf-dist/tex/latex/tocloft/tocloft.sty
Package: tocloft 2013/05/02 v2.3f parameterised ToC, etc., typesetting
Package tocloft Info: The document has chapter divisions on input line 44.
\cftparskip=\skip43
\cftbeforetoctitleskip=\skip44
\cftaftertoctitleskip=\skip45
\cftbeforepartskip=\skip46
\cftpartnumwidth=\skip47
\cftpartindent=\skip48
\cftbeforechapskip=\skip49
\cftchapindent=\skip50
\cftchapnumwidth=\skip51
\cftbeforesecskip=\skip52
\cftsecindent=\skip53
\cftsecnumwidth=\skip54
\cftbeforesubsecskip=\skip55
\cftsubsecindent=\skip56
\cftsubsecnumwidth=\skip57
\cftbeforesubsubsecskip=\skip58
\cftsubsubsecindent=\skip59
\cftsubsubsecnumwidth=\skip60
\cftbeforeparaskip=\skip61
\cftparaindent=\skip62
\cftparanumwidth=\skip63
\cftbeforesubparaskip=\skip64
\cftsubparaindent=\skip65
\cftsubparanumwidth=\skip66
\cftbeforeloftitleskip=\skip67
\cftafterloftitleskip=\skip68
\cftbeforefigskip=\skip69
\cftfigindent=\skip70
\cftfignumwidth=\skip71
\cftbeforelottitleskip=\skip72
\cftafterlottitleskip=\skip73
\cftbeforetabskip=\skip74
\cfttabindent=\skip75
\cfttabnumwidth=\skip76
\cftbeforesubfigskip=\skip77
\cftsubfigindent=\skip78
\cftsubfignumwidth=\skip79
\cftbeforesubtabskip=\skip80
\cftsubtabindent=\skip81
\cftsubtabnumwidth=\skip82
)
(/usr/share/texlive/texmf-dist/tex/latex/subfig/subfig.sty
Package: subfig 2005/06/28 ver: 1.3 subfig package

(/usr/share/texlive/texmf-dist/tex/latex/graphics/keyval.sty
Package: keyval 1999/03/16 v1.13 key=value parser (DPC)
\KV@toks@=\toks14
)
(/usr/share/texlive/texmf-dist/tex/latex/caption/caption.sty
Package: caption 2013/05/02 v3.3-89 Customizing captions (AR)

(/usr/share/texlive/texmf-dist/tex/latex/caption/caption3.sty
Package: caption3 2013/05/02 v1.6-88 caption3 kernel (AR)
Package caption3 Info: TeX engine: e-TeX on input line 57.
\captionmargin=\dimen103
\captionmargin@=\dimen104
\captionwidth=\dimen105
\caption@tempdima=\dimen106
\caption@indent=\dimen107
\caption@parindent=\dimen108
\caption@hangindent=\dimen109
)
\c@ContinuedFloat=\count88
)
\c@KVtest=\count89
\sf@farskip=\skip83
\sf@captopadj=\dimen110
\sf@capskip=\skip84
\sf@nearskip=\skip85
\c@subfigure=\count90
\c@subfigure@save=\count91
\c@lofdepth=\count92
\c@subtable=\count93
\c@subtable@save=\count94
\c@lotdepth=\count95
\sf@top=\skip86
\sf@bottom=\skip87
)
(/usr/share/texlive/texmf-dist/tex/latex/geometry/geometry.sty
Package: geometry 2010/09/12 v5.6 Page Geometry

(/usr/share/texlive/texmf-dist/tex/generic/oberdiek/ifpdf.sty
Package: ifpdf 2011/01/30 v2.3 Provides the ifpdf switch (HO)
Package ifpdf Info: pdfTeX in PDF mode is detected.
)
(/usr/share/texlive/texmf-dist/tex/generic/oberdiek/ifvtex.sty
Package: ifvtex 2010/03/01 v1.5 Detect VTeX and its facilities (HO)
Package ifvtex Info: VTeX not detected.
)
(/usr/share/texlive/texmf-dist/tex/generic/ifxetex/ifxetex.sty
Package: ifxetex 2010/09/12 v0.6 Provides ifxetex conditional
)
\Gm@cnth=\count96
\Gm@cntv=\count97
\c@Gm@tempcnt=\count98
\Gm@bindingoffset=\dimen111
\Gm@wd@mp=\dimen112
\Gm@odd@mp=\dimen113
\Gm@even@mp=\dimen114
\Gm@layoutwidth=\dimen115
\Gm@layoutheight=\dimen116
\Gm@layouthoffset=\dimen117
\Gm@layoutvoffset=\dimen118
\Gm@dimlist=\toks15
)
(/usr/share/texlive/texmf-dist/tex/latex/oberdiek/pdflscape.sty
Package: pdflscape 2008/08/11 v0.10 Display of landscape pages in PDF (HO)

(/usr/share/texlive/texmf-dist/tex/latex/graphics/lscape.sty
Package: lscape 2000/10/22 v3.01 Landscape Pages (DPC)

(/usr/share/texlive/texmf-dist/tex/latex/graphics/graphics.sty
Package: graphics 2009/02/05 v1.0o Standard LaTeX Graphics (DPC,SPQR)

(/usr/share/texlive/texmf-dist/tex/latex/graphics/trig.sty
Package: trig 1999/03/16 v1.09 sin cos tan (DPC)
)
(/usr/share/texlive/texmf-dist/tex/latex/latexconfig/graphics.cfg
File: graphics.cfg 2010/04/23 v1.9 graphics configuration of TeX Live
)
Package graphics Info: Driver file: pdftex.def on input line 91.

(/usr/share/texlive/texmf-dist/tex/latex/pdftex-def/pdftex.def
File: pdftex.def 2011/05/27 v0.06d Graphics/color for pdfTeX

(/usr/share/texlive/texmf-dist/tex/generic/oberdiek/infwarerr.sty
Package: infwarerr 2010/04/08 v1.3 Providing info/warning/error messages (HO)
)
(/usr/share/texlive/texmf-dist/tex/generic/oberdiek/ltxcmds.sty
Package: ltxcmds 2011/11/09 v1.22 LaTeX kernel commands for general use (HO)
)
\Gread@gobject=\count99
)))
Package pdflscape Info: Auto-detected driver: pdftex on input line 80.
))
(/usr/share/texlive/texmf-dist/tex/latex/tools/bm.sty
Package: bm 2004/02/26 v1.1c Bold Symbol Support (DPC/FMi)
\symboldoperators=\mathgroup4
\symboldletters=\mathgroup5
\symboldsymbols=\mathgroup6
LaTeX Font Info:    Redeclaring math alphabet \mathbf on input line 138.
LaTeX Info: Redefining \bm on input line 204.
)
(/usr/share/texlive/texmf-dist/tex/latex/amsmath/amsmath.sty
Package: amsmath 2013/01/14 v2.14 AMS math features
\@mathmargin=\skip88

For additional information on amsmath, use the `?' option.
(/usr/share/texlive/texmf-dist/tex/latex/amsmath/amstext.sty
Package: amstext 2000/06/29 v2.01

(/usr/share/texlive/texmf-dist/tex/latex/amsmath/amsgen.sty
File: amsgen.sty 1999/11/30 v2.0
\@emptytoks=\toks16
\ex@=\dimen119
))
(/usr/share/texlive/texmf-dist/tex/latex/amsmath/amsbsy.sty
Package: amsbsy 1999/11/29 v1.2d
LaTeX Info: Redefining \boldsymbol on input line 39.
\pmbraise@=\dimen120
)
(/usr/share/texlive/texmf-dist/tex/latex/amsmath/amsopn.sty
Package: amsopn 1999/12/14 v2.01 operator names
)
\inf@bad=\count100
LaTeX Info: Redefining \frac on input line 210.
\uproot@=\count101
\leftroot@=\count102
LaTeX Info: Redefining \overline on input line 306.
\classnum@=\count103
\DOTSCASE@=\count104
LaTeX Info: Redefining \ldots on input line 378.
LaTeX Info: Redefining \dots on input line 381.
LaTeX Info: Redefining \cdots on input line 466.
\Mathstrutbox@=\box26
\strutbox@=\box27
\big@size=\dimen121
LaTeX Font Info:    Redeclaring font encoding OML on input line 566.
LaTeX Font Info:    Redeclaring font encoding OMS on input line 567.
\macc@depth=\count105
\c@MaxMatrixCols=\count106
\dotsspace@=\muskip10
\c@parentequation=\count107
\dspbrk@lvl=\count108
\tag@help=\toks17
\row@=\count109
\column@=\count110
\maxfields@=\count111
\andhelp@=\toks18
\eqnshift@=\dimen122
\alignsep@=\dimen123
\tagshift@=\dimen124
\tagwidth@=\dimen125
\totwidth@=\dimen126
\lineht@=\dimen127
\@envbody=\toks19
\multlinegap=\skip89
\multlinetaggap=\skip90
\mathdisplay@stack=\toks20
LaTeX Info: Redefining \[ on input line 2665.
LaTeX Info: Redefining \] on input line 2666.
)
(/usr/share/texlive/texmf-dist/tex/latex/graphics/graphicx.sty
Package: graphicx 1999/02/16 v1.0f Enhanced LaTeX Graphics (DPC,SPQR)
\Gin@req@height=\dimen128
\Gin@req@width=\dimen129
)
(/usr/share/texlive/texmf-dist/tex/latex/graphics/epsfig.sty
Package: epsfig 1999/02/16 v1.7a (e)psfig emulation (SPQR)
\epsfxsize=\dimen130
\epsfysize=\dimen131
)
(/usr/share/texlive/texmf-dist/tex/latex/tools/longtable.sty
Package: longtable 2004/02/01 v4.11 Multi-page Table package (DPC)
\LTleft=\skip91
\LTright=\skip92
\LTpre=\skip93
\LTpost=\skip94
\LTchunksize=\count112
\LTcapwidth=\dimen132
\LT@head=\box28
\LT@firsthead=\box29
\LT@foot=\box30
\LT@lastfoot=\box31
\LT@cols=\count113
\LT@rows=\count114
\c@LT@tables=\count115
\c@LT@chunks=\count116
\LT@p@ftn=\toks21
)
(/usr/share/texlive/texmf-dist/tex/latex/rotating/rotating.sty
Package: rotating 2009/03/28 v2.16a rotated objects in LaTeX
\c@r@tfl@t=\count117
\rotFPtop=\skip95
\rotFPbot=\skip96
\rot@float@box=\box32
\rot@mess@toks=\toks22
)
(/usr/share/texlive/texmf-dist/tex/latex/listings/listings.sty
\lst@mode=\count118
\lst@gtempboxa=\box33
\lst@token=\toks23
\lst@length=\count119
\lst@currlwidth=\dimen133
\lst@column=\count120
\lst@pos=\count121
\lst@lostspace=\dimen134
\lst@width=\dimen135
\lst@newlines=\count122
\lst@lineno=\count123
\lst@maxwidth=\dimen136

(/usr/share/texlive/texmf-dist/tex/latex/listings/lstmisc.sty
File: lstmisc.sty 2013/08/26 1.5b (Carsten Heinz)
\c@lstnumber=\count124
\lst@skipnumbers=\count125
\lst@framebox=\box34
)
(/usr/share/texlive/texmf-dist/tex/latex/listings/listings.cfg
File: listings.cfg 2013/08/26 1.5b listings configuration
))
Package: listings 2013/08/26 1.5b (Carsten Heinz)

(/usr/share/texlive/texmf-dist/tex/latex/graphics/color.sty
Package: color 2005/11/14 v1.0j Standard LaTeX Color (DPC)

(/usr/share/texlive/texmf-dist/tex/latex/latexconfig/color.cfg
File: color.cfg 2007/01/18 v1.5 color configuration of teTeX/TeXLive
)
Package color Info: Driver file: pdftex.def on input line 130.
)
\GPT@outputbox=\box35

(/usr/share/texlive/texmf-dist/tex/latex/pdfpages/pdfpages.sty
Package: pdfpages 2013/08/25 v0.4v Insert pages of external PDF documents (AM)

(/usr/share/texlive/texmf-dist/tex/latex/tools/calc.sty
Package: calc 2007/08/22 v4.3 Infix arithmetic (KKT,FJ)
\calc@Acount=\count126
\calc@Bcount=\count127
\calc@Adimen=\dimen137
\calc@Bdimen=\dimen138
\calc@Askip=\skip97
\calc@Bskip=\skip98
LaTeX Info: Redefining \setlength on input line 76.
LaTeX Info: Redefining \addtolength on input line 77.
\calc@Ccount=\count128
\calc@Cskip=\skip99
)
(/usr/share/texlive/texmf-dist/tex/latex/eso-pic/eso-pic.sty
Package: eso-pic 2013/10/06 v2.0d eso-pic (RN)

(/usr/share/texlive/texmf-dist/tex/generic/oberdiek/atbegshi.sty
Package: atbegshi 2011/10/05 v1.16 At begin shipout hook (HO)
))
(/usr/share/texlive/texmf-dist/tex/latex/pdfpages/pppdftex.def
File: pppdftex.def 2013/08/25 v0.4v Pdfpages driver for pdfTeX (AM)
)
\AM@pagebox=\box36
\AM@toc@title=\toks24
\c@AM@survey=\count129
\AM@templatesizebox=\box37
)
(/usr/share/texlive/texmf-dist/tex/latex/multirow/multirow.sty
\bigstrutjot=\dimen139
)
(/usr/share/texlive/texmf-dist/tex/latex/supertabular/supertabular.sty
Package: supertabular 2004/02/20 v4.1e the supertabular environment
\c@tracingst=\count130
\ST@wd=\dimen140
\ST@rightskip=\skip100
\ST@leftskip=\skip101
\ST@parfillskip=\skip102
\ST@pageleft=\dimen141
\ST@headht=\dimen142
\ST@tailht=\dimen143
\ST@pagesofar=\dimen144
\ST@pboxht=\dimen145
\ST@lineht=\dimen146
\ST@stretchht=\dimen147
\ST@prevht=\dimen148
\ST@toadd=\dimen149
\ST@dimen=\dimen150
\ST@pbox=\box38
)
(./PhD_Dissertation_Template.aux

LaTeX Warning: Label `chemc' multiply defined.


LaTeX Warning: Label `k' multiply defined.


LaTeX Warning: Label `y11' multiply defined.


LaTeX Warning: Label `roughfit' multiply defined.


LaTeX Warning: Label `roughfit' multiply defined.

)
\openout1 = `PhD_Dissertation_Template.aux'.

LaTeX Font Info:    Checking defaults for OML/cmm/m/it on input line 48.
LaTeX Font Info:    ... okay on input line 48.
LaTeX Font Info:    Checking defaults for T1/cmr/m/n on input line 48.
LaTeX Font Info:    ... okay on input line 48.
LaTeX Font Info:    Checking defaults for OT1/cmr/m/n on input line 48.
LaTeX Font Info:    ... okay on input line 48.
LaTeX Font Info:    Checking defaults for OMS/cmsy/m/n on input line 48.
LaTeX Font Info:    ... okay on input line 48.
LaTeX Font Info:    Checking defaults for OMX/cmex/m/n on input line 48.
LaTeX Font Info:    ... okay on input line 48.
LaTeX Font Info:    Checking defaults for U/cmr/m/n on input line 48.
LaTeX Font Info:    ... okay on input line 48.
Package caption Info: Begin \AtBeginDocument code.
Package caption Info: subfig package v1.3 is loaded.
Package caption Info: listings package is loaded.
Package caption Info: longtable package is loaded.
 (/usr/share/texlive/texmf-dist/tex/latex/caption/ltcaption.sty
Package: ltcaption 2013/02/03 v1.3-62 longtable captions (AR)
)
Package caption Info: rotating package is loaded.
Package caption Info: supertabular package is loaded.
Package caption Info: End \AtBeginDocument code.

*geometry* driver: auto-detecting
*geometry* detected driver: pdftex
*geometry* verbose mode - [ preamble ] result:
* driver: pdftex
* paper: <default>
* layout: <same size as paper>
* layoutoffset:(h,v)=(0.0pt,0.0pt)
* modes: 
* h-part:(L,W,R)=(72.26999pt, 469.75502pt, 72.26999pt)
* v-part:(T,H,B)=(72.26999pt, 650.43001pt, 72.26999pt)
* \paperwidth=614.295pt
* \paperheight=794.96999pt
* \textwidth=469.75502pt
* \textheight=650.43001pt
* \oddsidemargin=0.0pt
* \evensidemargin=0.0pt
* \topmargin=-31.8738pt
* \headheight=12.0pt
* \headsep=19.8738pt
* \topskip=12.0pt
* \footskip=30.0pt
* \marginparwidth=47.0pt
* \marginparsep=7.0pt
* \columnsep=10.0pt
* \skip\footins=10.8pt plus 4.0pt minus 2.0pt
* \hoffset=0.0pt
* \voffset=0.0pt
* \mag=1000
* \@twocolumnfalse
* \@twosidefalse
* \@mparswitchfalse
* \@reversemarginfalse
* (1in=72.27pt=25.4mm, 1cm=28.453pt)

(/usr/share/texlive/texmf-dist/tex/context/base/supp-pdf.mkii
[Loading MPS to PDF converter (version 2006.09.02).]
\scratchcounter=\count131
\scratchdimen=\dimen151
\scratchbox=\box39
\nofMPsegments=\count132
\nofMParguments=\count133
\everyMPshowfont=\toks25
\MPscratchCnt=\count134
\MPscratchDim=\dimen152
\MPnumerator=\count135
\makeMPintoPDFobject=\count136
\everyMPtoPDFconversion=\toks26
) (/usr/share/texlive/texmf-dist/tex/generic/oberdiek/pdftexcmds.sty
Package: pdftexcmds 2011/11/29 v0.20 Utility functions of pdfTeX for LuaTeX (HO
)

(/usr/share/texlive/texmf-dist/tex/generic/oberdiek/ifluatex.sty
Package: ifluatex 2010/03/01 v1.3 Provides the ifluatex switch (HO)
Package ifluatex Info: LuaTeX not detected.
)
Package pdftexcmds Info: LuaTeX not detected.
Package pdftexcmds Info: \pdf@primitive is available.
Package pdftexcmds Info: \pdf@ifprimitive is available.
Package pdftexcmds Info: \pdfdraftmode found.
)
(/usr/share/texlive/texmf-dist/tex/latex/oberdiek/epstopdf-base.sty
Package: epstopdf-base 2010/02/09 v2.5 Base part for package epstopdf

(/usr/share/texlive/texmf-dist/tex/latex/oberdiek/grfext.sty
Package: grfext 2010/08/19 v1.1 Manage graphics extensions (HO)

(/usr/share/texlive/texmf-dist/tex/generic/oberdiek/kvdefinekeys.sty
Package: kvdefinekeys 2011/04/07 v1.3 Define keys (HO)
))
(/usr/share/texlive/texmf-dist/tex/latex/oberdiek/kvoptions.sty
Package: kvoptions 2011/06/30 v3.11 Key value format for package options (HO)

(/usr/share/texlive/texmf-dist/tex/generic/oberdiek/kvsetkeys.sty
Package: kvsetkeys 2012/04/25 v1.16 Key value parser (HO)

(/usr/share/texlive/texmf-dist/tex/generic/oberdiek/etexcmds.sty
Package: etexcmds 2011/02/16 v1.5 Avoid name clashes with e-TeX commands (HO)
Package etexcmds Info: Could not find \expanded.
(etexcmds)             That can mean that you are not using pdfTeX 1.50 or
(etexcmds)             that some package has redefined \expanded.
(etexcmds)             In the latter case, load this package earlier.
)))
Package grfext Info: Graphics extension search list:
(grfext)             [.png,.pdf,.jpg,.mps,.jpeg,.jbig2,.jb2,.PNG,.PDF,.JPG,.JPE
G,.JBIG2,.JB2,.eps]
(grfext)             \AppendGraphicsExtensions on input line 452.

(/usr/share/texlive/texmf-dist/tex/latex/latexconfig/epstopdf-sys.cfg
File: epstopdf-sys.cfg 2010/07/13 v1.3 Configuration of (r)epstopdf for TeX Liv
e
))
\c@lstlisting=\count137
\AtBeginShipoutBox=\box40

[1


{/var/lib/texmf/fonts/map/pdftex/updmap/pdftex.map}] [2]
(./PhD_Dissertation_Template.toc [3


] [4] [5])
\tf@toc=\write3
\openout3 = `PhD_Dissertation_Template.toc'.

 [6]
(./PhD_Dissertation_Template.lot)
\tf@lot=\write4
\openout4 = `PhD_Dissertation_Template.lot'.

 [7



] (./PhD_Dissertation_Template.lof [8



]
[9] [10])
\tf@lof=\write5
\openout5 = `PhD_Dissertation_Template.lof'.

 [11] [12] (./phasespace.tex
Chapter 1.
[1


] [2] [3] [4] [5] [6] (./CK.tex) [7] [8]) (./bindingenergy.tex [9] [10]
[11] [12] [13] [14] [15] [16] [17] [18]) (./bindingenergy2.tex [19] [20]
[21] [22] [23] [24] [25] [26] [27] [28]) (./BiologicalIntro.tex [29] [30]
[31] [32] [33] [34] [35] [36] [37] [38] [39] [40] [41] [42] [43] [44] [45]
[46] [47] [48] [49] [50] [51] [52] [53] [54]
<slide2jacob.png, id=223, 1028.84375pt x 757.83125pt>
File: slide2jacob.png Graphic file (type png)
 <use slide2jacob.png>
Package pdftex.def Info: slide2jacob.png used on input line 122.
(pdftex.def)             Requested size: 469.75502pt x 346.01637pt.

Underfull \hbox (badness 10000) in paragraph at lines 122--123

 []

[55] [56 <./slide2jacob.png>] [57] [58] [59] [60]) (./CliffordAdami.tex
[61]
Chapter 2.
[62

] [63] [64] [65] [66]
Overfull \hbox (10.00615pt too wide) in paragraph at lines 58--58
[]\OT1/cmr/bx/n/14.4 Relation be-tween bio-phys-i-cal PWMs and evo-lu-tion-ary 
PWMs 
 []

[67] [68] [69] [70] [71] [72] [73] [74] [75] [76] [77] [78] [79] [80] [81]
[82] [83] <plotcayatg.pdf, id=318, 401.44664pt x 154.62418pt>
File: plotcayatg.pdf Graphic file (type pdf)

<use plotcayatg.pdf>
Package pdftex.def Info: plotcayatg.pdf used on input line 214.
(pdftex.def)             Requested size: 433.62pt x 167.01756pt.
 [84 <./plotcayatg.pdf>]

LaTeX Warning: File `rsCAYATG30.eps' not found on input line 228.

Package epstopdf Info: Source file: <rsCAYATG30.eps>
(epstopdf)             Output file: <rsCAYATG30-eps-converted-to.pdf>
(epstopdf)                    date: 2015-07-07 12:20:04
(epstopdf)                    size: 46069 bytes
(epstopdf)             Command: <repstopdf --outfile=rsCAYATG30-eps-converted-t
o.pdf rsCAYATG30.eps>
(epstopdf)             \includegraphics on input line 228.
Package epstopdf Info: Output file is already uptodate.
<rsCAYATG30-eps-converted-to.pdf, id=329, 518.93875pt x 416.55624pt>
File: rsCAYATG30-eps-converted-to.pdf Graphic file (type pdf)

<use rsCAYATG30-eps-converted-to.pdf>
Package pdftex.def Info: rsCAYATG30-eps-converted-to.pdf used on input line 228
.
(pdftex.def)             Requested size: 518.93748pt x 416.55522pt.

Overfull \hbox (49.18246pt too wide) in paragraph at lines 228--230
[][] 
 []


Underfull \hbox (badness 10000) in paragraph at lines 228--230

 []

[85] [86 <./rsCAYATG30-eps-converted-to.pdf>] [87] [88]
<infopair.pdf, id=347, 544.0325pt x 234.8775pt>
File: infopair.pdf Graphic file (type pdf)
 <use infopair.pdf>
Package pdftex.def Info: infopair.pdf used on input line 274.
(pdftex.def)             Requested size: 433.62pt x 187.21771pt.
 [89]
[90 <./infopair.pdf>] [91]
<miclasses-new.pdf, id=406, 503.8825pt x 436.63126pt>
File: miclasses-new.pdf Graphic file (type pdf)
 <use miclasses-new.pdf>
Package pdftex.def Info: miclasses-new.pdf used on input line 313.
(pdftex.def)             Requested size: 503.88127pt x 436.63019pt.

Overfull \hbox (34.12625pt too wide) in paragraph at lines 313--315
[][] 
 []


Underfull \hbox (badness 10000) in paragraph at lines 313--315

 []

[92] [93 <./miclasses-new.pdf>] [94] [95] [96] [97] [98] [99] [100] [101]
[102] [103] [104] [105] [106] [107] [108] [109] [110] [111] [112]

Package amsmath Warning: Foreign command \atopwithdelims;
(amsmath)                \frac or \genfrac should be used instead
(amsmath)                 on input line 439.

[113] [114] [115]
Overfull \hbox (11.06232pt too wide) in paragraph at lines 453--454
\OT1/cmr/m/n/12 the on-line MUS-CLE doc-u-men-ta-tion at http://www.drive5.com/
muscle/manual/accurate.html:
 []

[116] [117] [118] [119] [120] [121] [122] [123] [124] [125]

LaTeX Font Warning: Command \scriptsize invalid in math mode on input line 513.



LaTeX Font Warning: Command \scriptsize invalid in math mode on input line 513.



LaTeX Font Warning: Command \scriptsize invalid in math mode on input line 514.



LaTeX Font Warning: Command \scriptsize invalid in math mode on input line 514.



LaTeX Font Warning: Command \scriptsize invalid in math mode on input line 514.



LaTeX Font Warning: Command \scriptsize invalid in math mode on input line 514.



LaTeX Font Warning: Command \scriptsize invalid in math mode on input line 514.



LaTeX Font Warning: Command \scriptsize invalid in math mode on input line 514.



LaTeX Font Warning: Command \scriptsize invalid in math mode on input line 514.


[126] [127] [128] [129] [130] [131] [132] [133]
Overfull \hbox (3.14565pt too wide) in paragraph at lines 630--631
\OT1/cmr/m/n/12 We re-peated our anal-y-sis of the known Dor-sal sites with a d
if-fer-ent Twist mo-tif (5'-CACATG).
 []

[134] <plotCACATG302015.pdf, id=589, 402.7848pt x 155.1396pt>
File: plotCACATG302015.pdf Graphic file (type pdf)

<use plotCACATG302015.pdf>
Package pdftex.def Info: plotCACATG302015.pdf used on input line 633.
(pdftex.def)             Requested size: 433.62pt x 167.01563pt.
 [135 <./plotCACATG302015.pdf>] [136]

LaTeX Warning: File `rocenhaCACATG30.eps' not found on input line 657.

Package epstopdf Info: Source file: <rocenhaCACATG30.eps>
(epstopdf)             Output file: <rocenhaCACATG30-eps-converted-to.pdf>
(epstopdf)                    date: 2015-07-07 12:20:04
(epstopdf)                    size: 6031 bytes
(epstopdf)             Command: <repstopdf --outfile=rocenhaCACATG30-eps-conver
ted-to.pdf rocenhaCACATG30.eps>
(epstopdf)             \includegraphics on input line 657.
Package epstopdf Info: Output file is already uptodate.
<rocenhaCACATG30-eps-converted-to.pdf, id=603, 513.92pt x 403.5075pt>
File: rocenhaCACATG30-eps-converted-to.pdf Graphic file (type pdf)

<use rocenhaCACATG30-eps-converted-to.pdf>
Package pdftex.def Info: rocenhaCACATG30-eps-converted-to.pdf used on input lin
e 657.
(pdftex.def)             Requested size: 361.34999pt x 283.72166pt.
 [137 <./rocenhaCACATG30-eps-converted-to.pdf>]

LaTeX Warning: File `miclassesCACATG30.eps' not found on input line 667.

Package epstopdf Info: Source file: <miclassesCACATG30.eps>
(epstopdf)             Output file: <miclassesCACATG30-eps-converted-to.pdf>
(epstopdf)                    date: 2015-07-07 12:20:04
(epstopdf)                    size: 8726 bytes
(epstopdf)             Command: <repstopdf --outfile=miclassesCACATG30-eps-conv
erted-to.pdf miclassesCACATG30.eps>
(epstopdf)             \includegraphics on input line 667.
Package epstopdf Info: Output file is already uptodate.
<miclassesCACATG30-eps-converted-to.pdf, id=612, 506.89375pt x 400.49625pt>
File: miclassesCACATG30-eps-converted-to.pdf Graphic file (type pdf)

<use miclassesCACATG30-eps-converted-to.pdf>
Package pdftex.def Info: miclassesCACATG30-eps-converted-to.pdf used on input l
ine 667.
(pdftex.def)             Requested size: 361.34999pt x 285.50932pt.
 [138 <./miclassesCACATG30-eps-converted-to.pdf>]

LaTeX Warning: File `rsCACATG30.eps' not found on input line 676.

Package epstopdf Info: Source file: <rsCACATG30.eps>
(epstopdf)             Output file: <rsCACATG30-eps-converted-to.pdf>
(epstopdf)                    date: 2015-07-07 12:20:04
(epstopdf)                    size: 11830 bytes
(epstopdf)             Command: <repstopdf --outfile=rsCACATG30-eps-converted-t
o.pdf rsCACATG30.eps>
(epstopdf)             \includegraphics on input line 676.
Package epstopdf Info: Output file is already uptodate.
<rsCACATG30-eps-converted-to.pdf, id=625, 517.935pt x 415.5525pt>
File: rsCACATG30-eps-converted-to.pdf Graphic file (type pdf)

<use rsCACATG30-eps-converted-to.pdf>
Package pdftex.def Info: rsCACATG30-eps-converted-to.pdf used on input line 676
.
(pdftex.def)             Requested size: 361.34999pt x 289.93364pt.

Underfull \hbox (badness 10000) in paragraph at lines 676--677

 []

[139 <./rsCACATG30-eps-converted-to.pdf>] [140]
Package epstopdf Info: Source file: <entropyN100.eps>
(epstopdf)                    date: 2015-07-07 12:20:04
(epstopdf)                    size: 9068 bytes
(epstopdf)             Output file: <entropyN100-eps-converted-to.pdf>
(epstopdf)                    date: 2015-07-07 12:20:04
(epstopdf)                    size: 6904 bytes
(epstopdf)             Command: <repstopdf --outfile=entropyN100-eps-converted-
to.pdf entropyN100.eps>
(epstopdf)             \includegraphics on input line 707.
Package epstopdf Info: Output file is already uptodate.

<entropyN100-eps-converted-to.pdf, id=639, 410.53375pt x 309.155pt>
File: entropyN100-eps-converted-to.pdf Graphic file (type pdf)

<use entropyN100-eps-converted-to.pdf>
Package pdftex.def Info: entropyN100-eps-converted-to.pdf used on input line 70
7.
(pdftex.def)             Requested size: 361.34999pt x 272.11383pt.
 [141] [142 <./entropyN100-eps-converted-to.pdf>] [143] [144] [145]

LaTeX Warning: File `EntropyBiasCB_L9.eps' not found on input line 741.

Package epstopdf Info: Source file: <EntropyBiasCB_L9.eps>
(epstopdf)             Output file: <EntropyBiasCB_L9-eps-converted-to.pdf>
(epstopdf)                    date: 2015-07-07 12:20:04
(epstopdf)                    size: 11878 bytes
(epstopdf)             Command: <repstopdf --outfile=EntropyBiasCB_L9-eps-conve
rted-to.pdf EntropyBiasCB_L9.eps>
(epstopdf)             \includegraphics on input line 741.
Package epstopdf Info: Output file is already uptodate.
<EntropyBiasCB_L9-eps-converted-to.pdf, id=662, 410.53375pt x 309.155pt>
File: EntropyBiasCB_L9-eps-converted-to.pdf Graphic file (type pdf)

<use EntropyBiasCB_L9-eps-converted-to.pdf>
Package pdftex.def Info: EntropyBiasCB_L9-eps-converted-to.pdf used on input li
ne 741.
(pdftex.def)             Requested size: 361.34999pt x 272.11383pt.
) (./Chapter3occupancy.tex [146]
[147 <./EntropyBiasCB_L9-eps-converted-to.pdf>]
Chapter 3.
(./model.tex [148

] [149] [150]
<segalblandscape.png, id=687, 616.55344pt x 346.29375pt>
File: segalblandscape.png Graphic file (type png)

<use segalblandscape.png>
Package pdftex.def Info: segalblandscape.png used on input line 49.
(pdftex.def)             Requested size: 469.75502pt x 263.84647pt.

Underfull \hbox (badness 10000) in paragraph at lines 49--50

 []

[151] [152 <./segalblandscape.png>] [153] [154] [155] [156]
<configurationMatrixIb.png, id=707, 325.215pt x 295.85532pt>
File: configurationMatrixIb.png Graphic file (type png)

<use configurationMatrixIb.png>
Package pdftex.def Info: configurationMatrixIb.png used on input line 96.
(pdftex.def)             Requested size: 469.75502pt x 427.38112pt.

Underfull \hbox (badness 10000) in paragraph at lines 96--97

 []

[157] [158 <./configurationMatrixIb.png (PNG copy)>]
<rhoNEEs.png, id=715, 228.855pt x 78.2925pt>
File: rhoNEEs.png Graphic file (type png)
 <use rhoNEEs.png>
Package pdftex.def Info: rhoNEEs.png used on input line 126.
(pdftex.def)             Requested size: 469.75502pt x 160.71208pt.

Underfull \hbox (badness 10000) in paragraph at lines 126--127

 []

[159 <./rhoNEEs.png>] [160]) (./model2.tex [161]
<PlugandPlay.jpg, id=726, 941.5175pt x 385.44pt>
File: PlugandPlay.jpg Graphic file (type jpg)
 <use PlugandPlay.jpg>
Package pdftex.def Info: PlugandPlay.jpg used on input line 9.
(pdftex.def)             Requested size: 469.75502pt x 192.30783pt.

Underfull \hbox (badness 10000) in paragraph at lines 9--10

 []

[162 <./PlugandPlay.jpg>] [163] [164] [165] [166] [167] [168] [169] [170]
[171] [172] [173] [174] [175] [176] [177] [178]
Underfull \hbox (badness 10000) in paragraph at lines 288--290

 []

[179] [180] [181] [182] [183] [184] [185] [186] [187] [188] [189] [190]
[191] [192]
Overfull \hbox (8.95557pt too wide) in paragraph at lines 472--473
[]\OT1/cmr/m/n/12 For ex-am-ple imag-ine one knows with cer-tainty two in-de-pe
n-dent data points $(\OML/cmm/m/it/12 y[]; x[]\OT1/cmr/m/n/12 )\OML/cmm/m/it/12
 ; \OT1/cmr/m/n/12 (\OML/cmm/m/it/12 y[]; x[]\OT1/cmr/m/n/12 )$
 []

[193] [194] <DIb.pdf, id=833, 404.35135pt x 469.96309pt>
File: DIb.pdf Graphic file (type pdf)
 <use DIb.pdf>
Package pdftex.def Info: DIb.pdf used on input line 502.
(pdftex.def)             Requested size: 469.75502pt x 545.98224pt.

Underfull \hbox (badness 10000) in paragraph at lines 502--503

 []

[195] [196 <./DIb.pdf>] [197] [198] [199] [200] [201] [202] [203] [204]
Overfull \hbox (28.01828pt too wide) in paragraph at lines 650--651
\OT1/cmr/m/n/12 ported catas-trophic loss of ex-pres-sion in the neu-roec-to-de
rm, the con-struct la-belled $\OML/cmm/m/it/12 rho\OT1/cmr/m/n/12 2216\OML/cmm/
m/it/12 t\OT1/cmr/m/n/12 1\OML/cmm/m/it/12 t\OT1/cmr/m/n/12 2\OML/cmm/m/it/12 s
\OT1/cmr/m/n/12 4\OML/cmm/m/it/12 a$\OT1/cmr/m/n/12 .
 []

<DInosnail.pdf, id=873, 428.2761pt x 195.94331pt>
File: DInosnail.pdf Graphic file (type pdf)
 <use DInosnail.pdf>
Package pdftex.def Info: DInosnail.pdf used on input line 654.
(pdftex.def)             Requested size: 469.75502pt x 214.93135pt.

Underfull \hbox (badness 10000) in paragraph at lines 654--655

 []

<annNosnail.pdf, id=874, 590.34216pt x 581.28784pt>
File: annNosnail.pdf Graphic file (type pdf)
 <use annNosnail.pdf>
Package pdftex.def Info: annNosnail.pdf used on input line 660.
(pdftex.def)             Requested size: 469.75502pt x 462.56512pt.

Underfull \hbox (badness 10000) in paragraph at lines 660--661

 []

[205] [206 <./DInosnail.pdf>] [207 <./annNosnail.pdf>]
<annb.pdf, id=899, 614.295pt x 794.97pt>
File: annb.pdf Graphic file (type pdf)
 <use annb.pdf>
Package pdftex.def Info: annb.pdf used on input line 679.
(pdftex.def)             Requested size: 363.00267pt x 469.75502pt.

Underfull \hbox (badness 10000) in paragraph at lines 679--680

 []

<annc.pdf, id=900, 614.295pt x 794.97pt>
File: annc.pdf Graphic file (type pdf)
 <use annc.pdf>
Package pdftex.def Info: annc.pdf used on input line 691.
(pdftex.def)             Requested size: 363.00267pt x 469.75502pt.

Underfull \hbox (badness 10000) in paragraph at lines 691--692

 []

[208] [209 <./annb.pdf>] [210 <./annc.pdf>] (./alonRobust.tex [211] [212]
[213] [214] <sourcegraph.png, id=936, 616.55344pt x 346.29375pt>
File: sourcegraph.png Graphic file (type png)

<use sourcegraph.png>
Package pdftex.def Info: sourcegraph.png used on input line 64.
(pdftex.def)             Requested size: 469.75502pt x 263.84647pt.

Overfull \hbox (6.13605pt too wide) in paragraph at lines 62--65
[]\OT1/cmr/m/n/12 , [] 
 []


Underfull \hbox (badness 10000) in paragraph at lines 62--65

 []

[215 <./sourcegraph.png>] [216] [217] [218] [219] [220] [221]
Underfull \hbox (badness 10000) in paragraph at lines 169--170

 []


Underfull \hbox (badness 10000) in paragraph at lines 171--172

 []

[222]
Underfull \hbox (badness 10000) in paragraph at lines 173--174

 []

[223])) [224]) [225] [226]
Overfull \hbox (20.67183pt too wide) in paragraph at lines 160--161
\OT1/cmr/m/n/12 com-po-nents of the model can be found at https://github.com/ja
cobclifford/ConservedOccupancy
 []

[227] (./PhD_Dissertation_Template.bbl [228] [229

]
Missing character: There is no ä in font cmr12!
 [230

] [231] [232] [233]
[234] [235] [236]
! Undefined control sequence.
l.513 \newblock {\em Evolution}, 65:33\9
                                        642, 2011.
The control sequence at the end of the top line
of your error message was never \def'ed. If you have
misspelled it (e.g., `\hobx'), type `I' and the correct
spelling (e.g., `I\hbox'). Otherwise just continue,
and I'll forget about whatever was undefined.

[237] [238] [239]) [240] (./PhD_Dissertation_Template.aux)
\snap@out=\write6
\openout6 = `PhD_Dissertation_Template.dep'.


Dependency list written on PhD_Dissertation_Template.dep.

LaTeX Warning: There were multiply-defined labels.

 ) 
Here is how much of TeX's memory you used:
 6945 strings out of 494985
 104215 string characters out of 6180356
 180026 words of memory out of 5000000
 9973 multiletter control sequences out of 15000+600000
 12744 words of font info for 44 fonts, out of 8000000 for 9000
 36 hyphenation exceptions out of 8191
 51i,27n,44p,4262b,374s stack positions out of 5000i,500n,10000p,200000b,80000s
</usr/share/texlive/texmf-dist/fonts/type1/public/amsfonts/cm/cmbx10.pfb></us
r/share/texlive/texmf-dist/fonts/type1/public/amsfonts/cm/cmbx12.pfb></usr/shar
e/texlive/texmf-dist/fonts/type1/public/amsfonts/cm/cmbxti10.pfb></usr/share/te
xlive/texmf-dist/fonts/type1/public/amsfonts/cm/cmex10.pfb></usr/share/texlive/
texmf-dist/fonts/type1/public/amsfonts/cm/cmmi10.pfb></usr/share/texlive/texmf-
dist/fonts/type1/public/amsfonts/cm/cmmi12.pfb></usr/share/texlive/texmf-dist/f
onts/type1/public/amsfonts/cm/cmmi7.pfb></usr/share/texlive/texmf-dist/fonts/ty
pe1/public/amsfonts/cm/cmmib10.pfb></usr/share/texlive/texmf-dist/fonts/type1/p
ublic/amsfonts/cm/cmr10.pfb></usr/share/texlive/texmf-dist/fonts/type1/public/a
msfonts/cm/cmr12.pfb></usr/share/texlive/texmf-dist/fonts/type1/public/amsfonts
/cm/cmsy10.pfb></usr/share/texlive/texmf-dist/fonts/type1/public/amsfonts/cm/cm
ti10.pfb></usr/share/texlive/texmf-dist/fonts/type1/public/amsfonts/cm/cmti12.p
fb>
Output written on PhD_Dissertation_Template.pdf (252 pages, 2825451 bytes).
PDF statistics:
 1069 PDF objects out of 1200 (max. 8388607)
 727 compressed objects within 8 object streams
 0 named destinations out of 1000 (max. 500000)
 106 words of extra memory for PDF output out of 10000 (max. 10000000)

